
  .   ____          _            __ _ _
 /\\ / ___'_ __ _ _(_)_ __  __ _ \ \ \ \
( ( )\___ | '_ | '_| | '_ \/ _` | \ \ \ \
 \\/  ___)| |_)| | | | | || (_| |  ) ) ) )
  '  |____| .__|_| |_|_| |_\__, | / / / /
 =========|_|==============|___/=/_/_/_/
 :: Spring Boot ::        (v2.2.7.RELEASE)

2020-05-14 16:03:11.570  INFO 32808 --- [           main] .i.s.s.i.ImoocSpringbootStudyApplication : Starting ImoocSpringbootStudyApplication v0.0.1-SNAPSHOT on dydeMacBook-Pro.local with PID 32808 (/Users/dy/IdeaProjects/imooc-springboot-study/target/imooc-springboot-study.jar started by dy in /Users/dy/IdeaProjects/imooc-springboot-study/target)
2020-05-14 16:03:11.575  INFO 32808 --- [           main] .i.s.s.i.ImoocSpringbootStudyApplication : No active profile set, falling back to default profiles: default
2020-05-14 16:03:13.890  INFO 32808 --- [           main] trationDelegate$BeanPostProcessorChecker : Bean 'asyncPoolConfig' of type [com.imooc.springboot.study.imoocspringbootstudy.config.AsyncPoolConfig$$EnhancerBySpringCGLIB$$46694d74] is not eligible for getting processed by all BeanPostProcessors (for example: not eligible for auto-proxying)
2020-05-14 16:03:14.637  INFO 32808 --- [           main] o.s.b.w.embedded.tomcat.TomcatWebServer  : Tomcat initialized with port(s): 8000 (http)
2020-05-14 16:03:14.670  INFO 32808 --- [           main] o.apache.catalina.core.StandardService   : Starting service [Tomcat]
2020-05-14 16:03:14.670  INFO 32808 --- [           main] org.apache.catalina.core.StandardEngine  : Starting Servlet engine: [Apache Tomcat/9.0.34]
2020-05-14 16:03:14.838  INFO 32808 --- [           main] o.a.c.c.C.[Tomcat].[localhost].[/imooc]  : Initializing Spring embedded WebApplicationContext
2020-05-14 16:03:14.838  INFO 32808 --- [           main] o.s.web.context.ContextLoader            : Root WebApplicationContext: initialization completed in 3130 ms
2020-05-14 16:03:15.453  INFO 32808 --- [           main] o.s.s.concurrent.ThreadPoolTaskExecutor  : Initializing ExecutorService
2020-05-14 16:03:15.454  INFO 32808 --- [           main] o.s.s.concurrent.ThreadPoolTaskExecutor  : Initializing ExecutorService 'getAsyncExecutor'
2020-05-14 16:03:16.259  INFO 32808 --- [           main] o.s.s.c.ThreadPoolTaskScheduler          : Initializing ExecutorService 'taskScheduler'
2020-05-14 16:03:16.272  INFO 32808 --- [           main] o.s.b.a.e.web.EndpointLinksResolver      : Exposing 16 endpoint(s) beneath base path '/actuator'
2020-05-14 16:03:16.351  INFO 32808 --- [   scheduling-1] c.i.s.s.i.schedule.BootSchedule          : schedule01 ---> 16:03:16
2020-05-14 16:03:16.355  INFO 32808 --- [   scheduling-1] c.i.s.s.i.schedule.BootSchedule          : schedule02 ---> 16:03:16
2020-05-14 16:03:16.416  INFO 32808 --- [           main] o.s.b.w.embedded.tomcat.TomcatWebServer  : Tomcat started on port(s): 8000 (http) with context path '/imooc'
2020-05-14 16:03:16.421  INFO 32808 --- [           main] .i.s.s.i.ImoocSpringbootStudyApplication : Started ImoocSpringbootStudyApplication in 6.023 seconds (JVM running for 6.741)
2020-05-14 16:03:18.004  INFO 32808 --- [   scheduling-1] c.i.s.s.i.schedule.BootSchedule          : schedule04 ---> 16:03:18
2020-05-14 16:03:18.355  INFO 32808 --- [   scheduling-1] c.i.s.s.i.schedule.BootSchedule          : schedule03 ---> 16:03:18
2020-05-14 16:03:19.353  INFO 32808 --- [   scheduling-1] c.i.s.s.i.schedule.BootSchedule          : schedule01 ---> 16:03:19
2020-05-14 16:03:19.359  INFO 32808 --- [   scheduling-1] c.i.s.s.i.schedule.BootSchedule          : schedule02 ---> 16:03:19
2020-05-14 16:03:21.005  INFO 32808 --- [   scheduling-1] c.i.s.s.i.schedule.BootSchedule          : schedule04 ---> 16:03:21
2020-05-14 16:03:21.355  INFO 32808 --- [   scheduling-1] c.i.s.s.i.schedule.BootSchedule          : schedule03 ---> 16:03:21
2020-05-14 16:03:22.353  INFO 32808 --- [   scheduling-1] c.i.s.s.i.schedule.BootSchedule          : schedule01 ---> 16:03:22
2020-05-14 16:03:22.360  INFO 32808 --- [   scheduling-1] c.i.s.s.i.schedule.BootSchedule          : schedule02 ---> 16:03:22
2020-05-14 16:03:24.006  INFO 32808 --- [   scheduling-1] c.i.s.s.i.schedule.BootSchedule          : schedule04 ---> 16:03:24
2020-05-14 16:03:24.351  INFO 32808 --- [   scheduling-1] c.i.s.s.i.schedule.BootSchedule          : schedule03 ---> 16:03:24
2020-05-14 16:03:25.351  INFO 32808 --- [   scheduling-1] c.i.s.s.i.schedule.BootSchedule          : schedule01 ---> 16:03:25
2020-05-14 16:03:25.362  INFO 32808 --- [   scheduling-1] c.i.s.s.i.schedule.BootSchedule          : schedule02 ---> 16:03:25
2020-05-14 16:03:27.006  INFO 32808 --- [   scheduling-1] c.i.s.s.i.schedule.BootSchedule          : schedule04 ---> 16:03:27
2020-05-14 16:03:27.351  INFO 32808 --- [   scheduling-1] c.i.s.s.i.schedule.BootSchedule          : schedule03 ---> 16:03:27
2020-05-14 16:03:28.356  INFO 32808 --- [   scheduling-1] c.i.s.s.i.schedule.BootSchedule          : schedule01 ---> 16:03:28
2020-05-14 16:03:28.364  INFO 32808 --- [   scheduling-1] c.i.s.s.i.schedule.BootSchedule          : schedule02 ---> 16:03:28
2020-05-14 16:03:30.004  INFO 32808 --- [   scheduling-1] c.i.s.s.i.schedule.BootSchedule          : schedule04 ---> 16:03:30
2020-05-14 16:03:30.352  INFO 32808 --- [   scheduling-1] c.i.s.s.i.schedule.BootSchedule          : schedule03 ---> 16:03:30
2020-05-14 16:03:31.352  INFO 32808 --- [   scheduling-1] c.i.s.s.i.schedule.BootSchedule          : schedule01 ---> 16:03:31
2020-05-14 16:03:31.368  INFO 32808 --- [   scheduling-1] c.i.s.s.i.schedule.BootSchedule          : schedule02 ---> 16:03:31
2020-05-14 16:03:33.006  INFO 32808 --- [   scheduling-1] c.i.s.s.i.schedule.BootSchedule          : schedule04 ---> 16:03:33
2020-05-14 16:03:33.351  INFO 32808 --- [   scheduling-1] c.i.s.s.i.schedule.BootSchedule          : schedule03 ---> 16:03:33
2020-05-14 16:03:34.353  INFO 32808 --- [   scheduling-1] c.i.s.s.i.schedule.BootSchedule          : schedule01 ---> 16:03:34
2020-05-14 16:03:34.369  INFO 32808 --- [   scheduling-1] c.i.s.s.i.schedule.BootSchedule          : schedule02 ---> 16:03:34
2020-05-14 16:03:36.000  INFO 32808 --- [   scheduling-1] c.i.s.s.i.schedule.BootSchedule          : schedule04 ---> 16:03:36
2020-05-14 16:03:36.356  INFO 32808 --- [   scheduling-1] c.i.s.s.i.schedule.BootSchedule          : schedule03 ---> 16:03:36
2020-05-14 16:03:37.352  INFO 32808 --- [   scheduling-1] c.i.s.s.i.schedule.BootSchedule          : schedule01 ---> 16:03:37
2020-05-14 16:03:37.372  INFO 32808 --- [   scheduling-1] c.i.s.s.i.schedule.BootSchedule          : schedule02 ---> 16:03:37
2020-05-14 16:03:39.002  INFO 32808 --- [   scheduling-1] c.i.s.s.i.schedule.BootSchedule          : schedule04 ---> 16:03:39
2020-05-14 16:03:39.352  INFO 32808 --- [   scheduling-1] c.i.s.s.i.schedule.BootSchedule          : schedule03 ---> 16:03:39
2020-05-14 16:03:40.356  INFO 32808 --- [   scheduling-1] c.i.s.s.i.schedule.BootSchedule          : schedule01 ---> 16:03:40
2020-05-14 16:03:40.377  INFO 32808 --- [   scheduling-1] c.i.s.s.i.schedule.BootSchedule          : schedule02 ---> 16:03:40
2020-05-14 16:03:42.001  INFO 32808 --- [   scheduling-1] c.i.s.s.i.schedule.BootSchedule          : schedule04 ---> 16:03:42
2020-05-14 16:03:42.352  INFO 32808 --- [   scheduling-1] c.i.s.s.i.schedule.BootSchedule          : schedule03 ---> 16:03:42
2020-05-14 16:03:43.355  INFO 32808 --- [   scheduling-1] c.i.s.s.i.schedule.BootSchedule          : schedule01 ---> 16:03:43
2020-05-14 16:03:43.382  INFO 32808 --- [   scheduling-1] c.i.s.s.i.schedule.BootSchedule          : schedule02 ---> 16:03:43
2020-05-14 16:03:45.006  INFO 32808 --- [   scheduling-1] c.i.s.s.i.schedule.BootSchedule          : schedule04 ---> 16:03:45
2020-05-14 16:03:45.352  INFO 32808 --- [   scheduling-1] c.i.s.s.i.schedule.BootSchedule          : schedule03 ---> 16:03:45
2020-05-14 16:03:46.356  INFO 32808 --- [   scheduling-1] c.i.s.s.i.schedule.BootSchedule          : schedule01 ---> 16:03:46
2020-05-14 16:03:46.386  INFO 32808 --- [   scheduling-1] c.i.s.s.i.schedule.BootSchedule          : schedule02 ---> 16:03:46
2020-05-14 16:03:48.005  INFO 32808 --- [   scheduling-1] c.i.s.s.i.schedule.BootSchedule          : schedule04 ---> 16:03:48
2020-05-14 16:03:48.355  INFO 32808 --- [   scheduling-1] c.i.s.s.i.schedule.BootSchedule          : schedule03 ---> 16:03:48
2020-05-14 16:03:49.352  INFO 32808 --- [   scheduling-1] c.i.s.s.i.schedule.BootSchedule          : schedule01 ---> 16:03:49
2020-05-14 16:03:49.389  INFO 32808 --- [   scheduling-1] c.i.s.s.i.schedule.BootSchedule          : schedule02 ---> 16:03:49
2020-05-14 16:03:51.005  INFO 32808 --- [   scheduling-1] c.i.s.s.i.schedule.BootSchedule          : schedule04 ---> 16:03:51
2020-05-14 16:03:51.356  INFO 32808 --- [   scheduling-1] c.i.s.s.i.schedule.BootSchedule          : schedule03 ---> 16:03:51
2020-05-14 16:03:52.355  INFO 32808 --- [   scheduling-1] c.i.s.s.i.schedule.BootSchedule          : schedule01 ---> 16:03:52
2020-05-14 16:03:52.394  INFO 32808 --- [   scheduling-1] c.i.s.s.i.schedule.BootSchedule          : schedule02 ---> 16:03:52
2020-05-14 16:03:54.004  INFO 32808 --- [   scheduling-1] c.i.s.s.i.schedule.BootSchedule          : schedule04 ---> 16:03:54
2020-05-14 16:03:54.356  INFO 32808 --- [   scheduling-1] c.i.s.s.i.schedule.BootSchedule          : schedule03 ---> 16:03:54
2020-05-14 16:03:55.356  INFO 32808 --- [   scheduling-1] c.i.s.s.i.schedule.BootSchedule          : schedule01 ---> 16:03:55
2020-05-14 16:03:55.399  INFO 32808 --- [   scheduling-1] c.i.s.s.i.schedule.BootSchedule          : schedule02 ---> 16:03:55
2020-05-14 16:03:57.003  INFO 32808 --- [   scheduling-1] c.i.s.s.i.schedule.BootSchedule          : schedule04 ---> 16:03:57
2020-05-14 16:03:57.353  INFO 32808 --- [   scheduling-1] c.i.s.s.i.schedule.BootSchedule          : schedule03 ---> 16:03:57
2020-05-14 16:03:58.356  INFO 32808 --- [   scheduling-1] c.i.s.s.i.schedule.BootSchedule          : schedule01 ---> 16:03:58
2020-05-14 16:03:58.401  INFO 32808 --- [   scheduling-1] c.i.s.s.i.schedule.BootSchedule          : schedule02 ---> 16:03:58
2020-05-14 16:04:00.002  INFO 32808 --- [   scheduling-1] c.i.s.s.i.schedule.BootSchedule          : schedule04 ---> 16:04:00
2020-05-14 16:04:00.353  INFO 32808 --- [   scheduling-1] c.i.s.s.i.schedule.BootSchedule          : schedule03 ---> 16:04:00
2020-05-14 16:04:01.357  INFO 32808 --- [   scheduling-1] c.i.s.s.i.schedule.BootSchedule          : schedule01 ---> 16:04:01
2020-05-14 16:04:01.403  INFO 32808 --- [   scheduling-1] c.i.s.s.i.schedule.BootSchedule          : schedule02 ---> 16:04:01
2020-05-14 16:04:03.006  INFO 32808 --- [   scheduling-1] c.i.s.s.i.schedule.BootSchedule          : schedule04 ---> 16:04:03
2020-05-14 16:04:03.355  INFO 32808 --- [   scheduling-1] c.i.s.s.i.schedule.BootSchedule          : schedule03 ---> 16:04:03
2020-05-14 16:04:04.354  INFO 32808 --- [   scheduling-1] c.i.s.s.i.schedule.BootSchedule          : schedule01 ---> 16:04:04
2020-05-14 16:04:04.408  INFO 32808 --- [   scheduling-1] c.i.s.s.i.schedule.BootSchedule          : schedule02 ---> 16:04:04
2020-05-14 16:04:06.005  INFO 32808 --- [   scheduling-1] c.i.s.s.i.schedule.BootSchedule          : schedule04 ---> 16:04:06
2020-05-14 16:04:06.354  INFO 32808 --- [   scheduling-1] c.i.s.s.i.schedule.BootSchedule          : schedule03 ---> 16:04:06
2020-05-14 16:04:07.355  INFO 32808 --- [   scheduling-1] c.i.s.s.i.schedule.BootSchedule          : schedule01 ---> 16:04:07
2020-05-14 16:04:07.409  INFO 32808 --- [   scheduling-1] c.i.s.s.i.schedule.BootSchedule          : schedule02 ---> 16:04:07
2020-05-14 16:04:09.001  INFO 32808 --- [   scheduling-1] c.i.s.s.i.schedule.BootSchedule          : schedule04 ---> 16:04:09
2020-05-14 16:04:09.356  INFO 32808 --- [   scheduling-1] c.i.s.s.i.schedule.BootSchedule          : schedule03 ---> 16:04:09
2020-05-14 16:04:10.357  INFO 32808 --- [   scheduling-1] c.i.s.s.i.schedule.BootSchedule          : schedule01 ---> 16:04:10
2020-05-14 16:04:10.414  INFO 32808 --- [   scheduling-1] c.i.s.s.i.schedule.BootSchedule          : schedule02 ---> 16:04:10
2020-05-14 16:04:12.003  INFO 32808 --- [   scheduling-1] c.i.s.s.i.schedule.BootSchedule          : schedule04 ---> 16:04:12
2020-05-14 16:04:12.355  INFO 32808 --- [   scheduling-1] c.i.s.s.i.schedule.BootSchedule          : schedule03 ---> 16:04:12
2020-05-14 16:04:13.364  INFO 32808 --- [   scheduling-1] c.i.s.s.i.schedule.BootSchedule          : schedule01 ---> 16:04:13
2020-05-14 16:04:13.420  INFO 32808 --- [   scheduling-1] c.i.s.s.i.schedule.BootSchedule          : schedule02 ---> 16:04:13
2020-05-14 16:04:15.002  INFO 32808 --- [   scheduling-1] c.i.s.s.i.schedule.BootSchedule          : schedule04 ---> 16:04:15
2020-05-14 16:04:15.356  INFO 32808 --- [   scheduling-1] c.i.s.s.i.schedule.BootSchedule          : schedule03 ---> 16:04:15
2020-05-14 16:04:16.357  INFO 32808 --- [   scheduling-1] c.i.s.s.i.schedule.BootSchedule          : schedule01 ---> 16:04:16
2020-05-14 16:04:16.422  INFO 32808 --- [   scheduling-1] c.i.s.s.i.schedule.BootSchedule          : schedule02 ---> 16:04:16
2020-05-14 16:04:18.002  INFO 32808 --- [   scheduling-1] c.i.s.s.i.schedule.BootSchedule          : schedule04 ---> 16:04:18
2020-05-14 16:04:18.354  INFO 32808 --- [   scheduling-1] c.i.s.s.i.schedule.BootSchedule          : schedule03 ---> 16:04:18
2020-05-14 16:04:19.353  INFO 32808 --- [   scheduling-1] c.i.s.s.i.schedule.BootSchedule          : schedule01 ---> 16:04:19
2020-05-14 16:04:19.422  INFO 32808 --- [   scheduling-1] c.i.s.s.i.schedule.BootSchedule          : schedule02 ---> 16:04:19
2020-05-14 16:04:21.001  INFO 32808 --- [   scheduling-1] c.i.s.s.i.schedule.BootSchedule          : schedule04 ---> 16:04:21
2020-05-14 16:04:21.354  INFO 32808 --- [   scheduling-1] c.i.s.s.i.schedule.BootSchedule          : schedule03 ---> 16:04:21
2020-05-14 16:04:22.354  INFO 32808 --- [   scheduling-1] c.i.s.s.i.schedule.BootSchedule          : schedule01 ---> 16:04:22
2020-05-14 16:04:22.425  INFO 32808 --- [   scheduling-1] c.i.s.s.i.schedule.BootSchedule          : schedule02 ---> 16:04:22
2020-05-14 16:04:24.002  INFO 32808 --- [   scheduling-1] c.i.s.s.i.schedule.BootSchedule          : schedule04 ---> 16:04:24
2020-05-14 16:04:24.357  INFO 32808 --- [   scheduling-1] c.i.s.s.i.schedule.BootSchedule          : schedule03 ---> 16:04:24
2020-05-14 16:04:25.355  INFO 32808 --- [   scheduling-1] c.i.s.s.i.schedule.BootSchedule          : schedule01 ---> 16:04:25
2020-05-14 16:04:25.427  INFO 32808 --- [   scheduling-1] c.i.s.s.i.schedule.BootSchedule          : schedule02 ---> 16:04:25
2020-05-14 16:04:27.002  INFO 32808 --- [   scheduling-1] c.i.s.s.i.schedule.BootSchedule          : schedule04 ---> 16:04:27
2020-05-14 16:04:27.353  INFO 32808 --- [   scheduling-1] c.i.s.s.i.schedule.BootSchedule          : schedule03 ---> 16:04:27
2020-05-14 16:04:28.353  INFO 32808 --- [   scheduling-1] c.i.s.s.i.schedule.BootSchedule          : schedule01 ---> 16:04:28
2020-05-14 16:04:28.428  INFO 32808 --- [   scheduling-1] c.i.s.s.i.schedule.BootSchedule          : schedule02 ---> 16:04:28
2020-05-14 16:04:30.000  INFO 32808 --- [   scheduling-1] c.i.s.s.i.schedule.BootSchedule          : schedule04 ---> 16:04:30
2020-05-14 16:04:30.355  INFO 32808 --- [   scheduling-1] c.i.s.s.i.schedule.BootSchedule          : schedule03 ---> 16:04:30
2020-05-14 16:04:31.353  INFO 32808 --- [   scheduling-1] c.i.s.s.i.schedule.BootSchedule          : schedule01 ---> 16:04:31
2020-05-14 16:04:31.433  INFO 32808 --- [   scheduling-1] c.i.s.s.i.schedule.BootSchedule          : schedule02 ---> 16:04:31
2020-05-14 16:04:33.002  INFO 32808 --- [   scheduling-1] c.i.s.s.i.schedule.BootSchedule          : schedule04 ---> 16:04:33
2020-05-14 16:04:33.355  INFO 32808 --- [   scheduling-1] c.i.s.s.i.schedule.BootSchedule          : schedule03 ---> 16:04:33
2020-05-14 16:04:34.353  INFO 32808 --- [   scheduling-1] c.i.s.s.i.schedule.BootSchedule          : schedule01 ---> 16:04:34
2020-05-14 16:04:34.436  INFO 32808 --- [   scheduling-1] c.i.s.s.i.schedule.BootSchedule          : schedule02 ---> 16:04:34
2020-05-14 16:04:36.002  INFO 32808 --- [   scheduling-1] c.i.s.s.i.schedule.BootSchedule          : schedule04 ---> 16:04:36
2020-05-14 16:04:36.357  INFO 32808 --- [   scheduling-1] c.i.s.s.i.schedule.BootSchedule          : schedule03 ---> 16:04:36
2020-05-14 16:04:37.358  INFO 32808 --- [   scheduling-1] c.i.s.s.i.schedule.BootSchedule          : schedule01 ---> 16:04:37
2020-05-14 16:04:37.441  INFO 32808 --- [   scheduling-1] c.i.s.s.i.schedule.BootSchedule          : schedule02 ---> 16:04:37
2020-05-14 16:04:39.005  INFO 32808 --- [   scheduling-1] c.i.s.s.i.schedule.BootSchedule          : schedule04 ---> 16:04:39
2020-05-14 16:04:39.356  INFO 32808 --- [   scheduling-1] c.i.s.s.i.schedule.BootSchedule          : schedule03 ---> 16:04:39
2020-05-14 16:04:40.355  INFO 32808 --- [   scheduling-1] c.i.s.s.i.schedule.BootSchedule          : schedule01 ---> 16:04:40
2020-05-14 16:04:40.446  INFO 32808 --- [   scheduling-1] c.i.s.s.i.schedule.BootSchedule          : schedule02 ---> 16:04:40
2020-05-14 16:04:42.000  INFO 32808 --- [   scheduling-1] c.i.s.s.i.schedule.BootSchedule          : schedule04 ---> 16:04:42
2020-05-14 16:04:42.357  INFO 32808 --- [   scheduling-1] c.i.s.s.i.schedule.BootSchedule          : schedule03 ---> 16:04:42
2020-05-14 16:04:43.356  INFO 32808 --- [   scheduling-1] c.i.s.s.i.schedule.BootSchedule          : schedule01 ---> 16:04:43
2020-05-14 16:04:43.452  INFO 32808 --- [   scheduling-1] c.i.s.s.i.schedule.BootSchedule          : schedule02 ---> 16:04:43
2020-05-14 16:04:45.002  INFO 32808 --- [   scheduling-1] c.i.s.s.i.schedule.BootSchedule          : schedule04 ---> 16:04:45
2020-05-14 16:04:45.353  INFO 32808 --- [   scheduling-1] c.i.s.s.i.schedule.BootSchedule          : schedule03 ---> 16:04:45
2020-05-14 16:04:46.354  INFO 32808 --- [   scheduling-1] c.i.s.s.i.schedule.BootSchedule          : schedule01 ---> 16:04:46
2020-05-14 16:04:46.456  INFO 32808 --- [   scheduling-1] c.i.s.s.i.schedule.BootSchedule          : schedule02 ---> 16:04:46
2020-05-14 16:04:48.000  INFO 32808 --- [   scheduling-1] c.i.s.s.i.schedule.BootSchedule          : schedule04 ---> 16:04:48
2020-05-14 16:04:48.353  INFO 32808 --- [   scheduling-1] c.i.s.s.i.schedule.BootSchedule          : schedule03 ---> 16:04:48
2020-05-14 16:04:49.358  INFO 32808 --- [   scheduling-1] c.i.s.s.i.schedule.BootSchedule          : schedule01 ---> 16:04:49
2020-05-14 16:04:49.460  INFO 32808 --- [   scheduling-1] c.i.s.s.i.schedule.BootSchedule          : schedule02 ---> 16:04:49
2020-05-14 16:04:51.001  INFO 32808 --- [   scheduling-1] c.i.s.s.i.schedule.BootSchedule          : schedule04 ---> 16:04:51
2020-05-14 16:04:51.356  INFO 32808 --- [   scheduling-1] c.i.s.s.i.schedule.BootSchedule          : schedule03 ---> 16:04:51
2020-05-14 16:04:52.358  INFO 32808 --- [   scheduling-1] c.i.s.s.i.schedule.BootSchedule          : schedule01 ---> 16:04:52
2020-05-14 16:04:52.465  INFO 32808 --- [   scheduling-1] c.i.s.s.i.schedule.BootSchedule          : schedule02 ---> 16:04:52
2020-05-14 16:04:54.005  INFO 32808 --- [   scheduling-1] c.i.s.s.i.schedule.BootSchedule          : schedule04 ---> 16:04:54
2020-05-14 16:04:54.353  INFO 32808 --- [   scheduling-1] c.i.s.s.i.schedule.BootSchedule          : schedule03 ---> 16:04:54
2020-05-14 16:04:55.358  INFO 32808 --- [   scheduling-1] c.i.s.s.i.schedule.BootSchedule          : schedule01 ---> 16:04:55
2020-05-14 16:04:55.470  INFO 32808 --- [   scheduling-1] c.i.s.s.i.schedule.BootSchedule          : schedule02 ---> 16:04:55
2020-05-14 16:04:57.005  INFO 32808 --- [   scheduling-1] c.i.s.s.i.schedule.BootSchedule          : schedule04 ---> 16:04:57
2020-05-14 16:04:57.357  INFO 32808 --- [   scheduling-1] c.i.s.s.i.schedule.BootSchedule          : schedule03 ---> 16:04:57
2020-05-14 16:04:58.356  INFO 32808 --- [   scheduling-1] c.i.s.s.i.schedule.BootSchedule          : schedule01 ---> 16:04:58
2020-05-14 16:04:58.475  INFO 32808 --- [   scheduling-1] c.i.s.s.i.schedule.BootSchedule          : schedule02 ---> 16:04:58
2020-05-14 16:05:00.003  INFO 32808 --- [   scheduling-1] c.i.s.s.i.schedule.BootSchedule          : schedule04 ---> 16:05:00
2020-05-14 16:05:00.356  INFO 32808 --- [   scheduling-1] c.i.s.s.i.schedule.BootSchedule          : schedule03 ---> 16:05:00
2020-05-14 16:05:01.356  INFO 32808 --- [   scheduling-1] c.i.s.s.i.schedule.BootSchedule          : schedule01 ---> 16:05:01
2020-05-14 16:05:01.479  INFO 32808 --- [   scheduling-1] c.i.s.s.i.schedule.BootSchedule          : schedule02 ---> 16:05:01
2020-05-14 16:05:03.004  INFO 32808 --- [   scheduling-1] c.i.s.s.i.schedule.BootSchedule          : schedule04 ---> 16:05:03
2020-05-14 16:05:03.354  INFO 32808 --- [   scheduling-1] c.i.s.s.i.schedule.BootSchedule          : schedule03 ---> 16:05:03
2020-05-14 16:05:04.356  INFO 32808 --- [   scheduling-1] c.i.s.s.i.schedule.BootSchedule          : schedule01 ---> 16:05:04
2020-05-14 16:05:04.484  INFO 32808 --- [   scheduling-1] c.i.s.s.i.schedule.BootSchedule          : schedule02 ---> 16:05:04
2020-05-14 16:05:06.002  INFO 32808 --- [   scheduling-1] c.i.s.s.i.schedule.BootSchedule          : schedule04 ---> 16:05:06
2020-05-14 16:05:06.358  INFO 32808 --- [   scheduling-1] c.i.s.s.i.schedule.BootSchedule          : schedule03 ---> 16:05:06
2020-05-14 16:05:07.357  INFO 32808 --- [   scheduling-1] c.i.s.s.i.schedule.BootSchedule          : schedule01 ---> 16:05:07
2020-05-14 16:05:07.489  INFO 32808 --- [   scheduling-1] c.i.s.s.i.schedule.BootSchedule          : schedule02 ---> 16:05:07
2020-05-14 16:05:09.006  INFO 32808 --- [   scheduling-1] c.i.s.s.i.schedule.BootSchedule          : schedule04 ---> 16:05:09
2020-05-14 16:05:09.355  INFO 32808 --- [   scheduling-1] c.i.s.s.i.schedule.BootSchedule          : schedule03 ---> 16:05:09
2020-05-14 16:05:10.357  INFO 32808 --- [   scheduling-1] c.i.s.s.i.schedule.BootSchedule          : schedule01 ---> 16:05:10
2020-05-14 16:05:10.492  INFO 32808 --- [   scheduling-1] c.i.s.s.i.schedule.BootSchedule          : schedule02 ---> 16:05:10
2020-05-14 16:05:12.005  INFO 32808 --- [   scheduling-1] c.i.s.s.i.schedule.BootSchedule          : schedule04 ---> 16:05:12
2020-05-14 16:05:12.355  INFO 32808 --- [   scheduling-1] c.i.s.s.i.schedule.BootSchedule          : schedule03 ---> 16:05:12
2020-05-14 16:05:13.354  INFO 32808 --- [   scheduling-1] c.i.s.s.i.schedule.BootSchedule          : schedule01 ---> 16:05:13
2020-05-14 16:05:13.494  INFO 32808 --- [   scheduling-1] c.i.s.s.i.schedule.BootSchedule          : schedule02 ---> 16:05:13
2020-05-14 16:05:15.003  INFO 32808 --- [   scheduling-1] c.i.s.s.i.schedule.BootSchedule          : schedule04 ---> 16:05:15
2020-05-14 16:05:15.356  INFO 32808 --- [   scheduling-1] c.i.s.s.i.schedule.BootSchedule          : schedule03 ---> 16:05:15
2020-05-14 16:05:16.355  INFO 32808 --- [   scheduling-1] c.i.s.s.i.schedule.BootSchedule          : schedule01 ---> 16:05:16
2020-05-14 16:05:16.497  INFO 32808 --- [   scheduling-1] c.i.s.s.i.schedule.BootSchedule          : schedule02 ---> 16:05:16
2020-05-14 16:05:18.003  INFO 32808 --- [   scheduling-1] c.i.s.s.i.schedule.BootSchedule          : schedule04 ---> 16:05:18
2020-05-14 16:05:18.356  INFO 32808 --- [   scheduling-1] c.i.s.s.i.schedule.BootSchedule          : schedule03 ---> 16:05:18
2020-05-14 16:05:19.355  INFO 32808 --- [   scheduling-1] c.i.s.s.i.schedule.BootSchedule          : schedule01 ---> 16:05:19
2020-05-14 16:05:19.501  INFO 32808 --- [   scheduling-1] c.i.s.s.i.schedule.BootSchedule          : schedule02 ---> 16:05:19
2020-05-14 16:05:21.002  INFO 32808 --- [   scheduling-1] c.i.s.s.i.schedule.BootSchedule          : schedule04 ---> 16:05:21
2020-05-14 16:05:21.359  INFO 32808 --- [   scheduling-1] c.i.s.s.i.schedule.BootSchedule          : schedule03 ---> 16:05:21
2020-05-14 16:05:22.354  INFO 32808 --- [   scheduling-1] c.i.s.s.i.schedule.BootSchedule          : schedule01 ---> 16:05:22
2020-05-14 16:05:22.507  INFO 32808 --- [   scheduling-1] c.i.s.s.i.schedule.BootSchedule          : schedule02 ---> 16:05:22
2020-05-14 16:05:24.002  INFO 32808 --- [   scheduling-1] c.i.s.s.i.schedule.BootSchedule          : schedule04 ---> 16:05:24
2020-05-14 16:05:24.357  INFO 32808 --- [   scheduling-1] c.i.s.s.i.schedule.BootSchedule          : schedule03 ---> 16:05:24
2020-05-14 16:05:25.357  INFO 32808 --- [   scheduling-1] c.i.s.s.i.schedule.BootSchedule          : schedule01 ---> 16:05:25
2020-05-14 16:05:25.512  INFO 32808 --- [   scheduling-1] c.i.s.s.i.schedule.BootSchedule          : schedule02 ---> 16:05:25
2020-05-14 16:05:27.001  INFO 32808 --- [   scheduling-1] c.i.s.s.i.schedule.BootSchedule          : schedule04 ---> 16:05:27
2020-05-14 16:05:27.358  INFO 32808 --- [   scheduling-1] c.i.s.s.i.schedule.BootSchedule          : schedule03 ---> 16:05:27
2020-05-14 16:05:28.359  INFO 32808 --- [   scheduling-1] c.i.s.s.i.schedule.BootSchedule          : schedule01 ---> 16:05:28
2020-05-14 16:05:28.515  INFO 32808 --- [   scheduling-1] c.i.s.s.i.schedule.BootSchedule          : schedule02 ---> 16:05:28
2020-05-14 16:05:30.001  INFO 32808 --- [   scheduling-1] c.i.s.s.i.schedule.BootSchedule          : schedule04 ---> 16:05:30
2020-05-14 16:05:30.357  INFO 32808 --- [   scheduling-1] c.i.s.s.i.schedule.BootSchedule          : schedule03 ---> 16:05:30
2020-05-14 16:05:31.356  INFO 32808 --- [   scheduling-1] c.i.s.s.i.schedule.BootSchedule          : schedule01 ---> 16:05:31
2020-05-14 16:05:31.518  INFO 32808 --- [   scheduling-1] c.i.s.s.i.schedule.BootSchedule          : schedule02 ---> 16:05:31
2020-05-14 16:05:33.004  INFO 32808 --- [   scheduling-1] c.i.s.s.i.schedule.BootSchedule          : schedule04 ---> 16:05:33
2020-05-14 16:05:33.355  INFO 32808 --- [   scheduling-1] c.i.s.s.i.schedule.BootSchedule          : schedule03 ---> 16:05:33
2020-05-14 16:05:34.357  INFO 32808 --- [   scheduling-1] c.i.s.s.i.schedule.BootSchedule          : schedule01 ---> 16:05:34
2020-05-14 16:05:34.519  INFO 32808 --- [   scheduling-1] c.i.s.s.i.schedule.BootSchedule          : schedule02 ---> 16:05:34
2020-05-14 16:05:36.006  INFO 32808 --- [   scheduling-1] c.i.s.s.i.schedule.BootSchedule          : schedule04 ---> 16:05:36
2020-05-14 16:05:36.360  INFO 32808 --- [   scheduling-1] c.i.s.s.i.schedule.BootSchedule          : schedule03 ---> 16:05:36
2020-05-14 16:05:37.358  INFO 32808 --- [   scheduling-1] c.i.s.s.i.schedule.BootSchedule          : schedule01 ---> 16:05:37
2020-05-14 16:05:37.522  INFO 32808 --- [   scheduling-1] c.i.s.s.i.schedule.BootSchedule          : schedule02 ---> 16:05:37
2020-05-14 16:05:39.006  INFO 32808 --- [   scheduling-1] c.i.s.s.i.schedule.BootSchedule          : schedule04 ---> 16:05:39
2020-05-14 16:05:39.356  INFO 32808 --- [   scheduling-1] c.i.s.s.i.schedule.BootSchedule          : schedule03 ---> 16:05:39
2020-05-14 16:05:40.355  INFO 32808 --- [   scheduling-1] c.i.s.s.i.schedule.BootSchedule          : schedule01 ---> 16:05:40
2020-05-14 16:05:40.526  INFO 32808 --- [   scheduling-1] c.i.s.s.i.schedule.BootSchedule          : schedule02 ---> 16:05:40
2020-05-14 16:05:42.001  INFO 32808 --- [   scheduling-1] c.i.s.s.i.schedule.BootSchedule          : schedule04 ---> 16:05:42
2020-05-14 16:05:42.357  INFO 32808 --- [   scheduling-1] c.i.s.s.i.schedule.BootSchedule          : schedule03 ---> 16:05:42
2020-05-14 16:05:43.359  INFO 32808 --- [   scheduling-1] c.i.s.s.i.schedule.BootSchedule          : schedule01 ---> 16:05:43
2020-05-14 16:05:43.531  INFO 32808 --- [   scheduling-1] c.i.s.s.i.schedule.BootSchedule          : schedule02 ---> 16:05:43
2020-05-14 16:05:45.002  INFO 32808 --- [   scheduling-1] c.i.s.s.i.schedule.BootSchedule          : schedule04 ---> 16:05:45
2020-05-14 16:05:45.355  INFO 32808 --- [   scheduling-1] c.i.s.s.i.schedule.BootSchedule          : schedule03 ---> 16:05:45
2020-05-14 16:05:46.355  INFO 32808 --- [   scheduling-1] c.i.s.s.i.schedule.BootSchedule          : schedule01 ---> 16:05:46
2020-05-14 16:05:46.536  INFO 32808 --- [   scheduling-1] c.i.s.s.i.schedule.BootSchedule          : schedule02 ---> 16:05:46
2020-05-14 16:05:48.002  INFO 32808 --- [   scheduling-1] c.i.s.s.i.schedule.BootSchedule          : schedule04 ---> 16:05:48
2020-05-14 16:05:48.355  INFO 32808 --- [   scheduling-1] c.i.s.s.i.schedule.BootSchedule          : schedule03 ---> 16:05:48
2020-05-14 16:05:49.357  INFO 32808 --- [   scheduling-1] c.i.s.s.i.schedule.BootSchedule          : schedule01 ---> 16:05:49
2020-05-14 16:05:49.541  INFO 32808 --- [   scheduling-1] c.i.s.s.i.schedule.BootSchedule          : schedule02 ---> 16:05:49
2020-05-14 16:05:51.004  INFO 32808 --- [   scheduling-1] c.i.s.s.i.schedule.BootSchedule          : schedule04 ---> 16:05:51
2020-05-14 16:05:51.357  INFO 32808 --- [   scheduling-1] c.i.s.s.i.schedule.BootSchedule          : schedule03 ---> 16:05:51
2020-05-14 16:05:52.358  INFO 32808 --- [   scheduling-1] c.i.s.s.i.schedule.BootSchedule          : schedule01 ---> 16:05:52
2020-05-14 16:05:52.542  INFO 32808 --- [   scheduling-1] c.i.s.s.i.schedule.BootSchedule          : schedule02 ---> 16:05:52
2020-05-14 16:05:54.004  INFO 32808 --- [   scheduling-1] c.i.s.s.i.schedule.BootSchedule          : schedule04 ---> 16:05:54
2020-05-14 16:05:54.360  INFO 32808 --- [   scheduling-1] c.i.s.s.i.schedule.BootSchedule          : schedule03 ---> 16:05:54
2020-05-14 16:05:55.360  INFO 32808 --- [   scheduling-1] c.i.s.s.i.schedule.BootSchedule          : schedule01 ---> 16:05:55
2020-05-14 16:05:55.544  INFO 32808 --- [   scheduling-1] c.i.s.s.i.schedule.BootSchedule          : schedule02 ---> 16:05:55
2020-05-14 16:05:57.004  INFO 32808 --- [   scheduling-1] c.i.s.s.i.schedule.BootSchedule          : schedule04 ---> 16:05:57
2020-05-14 16:05:57.356  INFO 32808 --- [   scheduling-1] c.i.s.s.i.schedule.BootSchedule          : schedule03 ---> 16:05:57
2020-05-14 16:05:58.356  INFO 32808 --- [   scheduling-1] c.i.s.s.i.schedule.BootSchedule          : schedule01 ---> 16:05:58
2020-05-14 16:05:58.548  INFO 32808 --- [   scheduling-1] c.i.s.s.i.schedule.BootSchedule          : schedule02 ---> 16:05:58
2020-05-14 16:06:00.002  INFO 32808 --- [   scheduling-1] c.i.s.s.i.schedule.BootSchedule          : schedule04 ---> 16:06:00
2020-05-14 16:06:00.356  INFO 32808 --- [   scheduling-1] c.i.s.s.i.schedule.BootSchedule          : schedule03 ---> 16:06:00
2020-05-14 16:06:01.360  INFO 32808 --- [   scheduling-1] c.i.s.s.i.schedule.BootSchedule          : schedule01 ---> 16:06:01
2020-05-14 16:06:01.550  INFO 32808 --- [   scheduling-1] c.i.s.s.i.schedule.BootSchedule          : schedule02 ---> 16:06:01
2020-05-14 16:06:03.002  INFO 32808 --- [   scheduling-1] c.i.s.s.i.schedule.BootSchedule          : schedule04 ---> 16:06:03
2020-05-14 16:06:03.356  INFO 32808 --- [   scheduling-1] c.i.s.s.i.schedule.BootSchedule          : schedule03 ---> 16:06:03
2020-05-14 16:06:04.358  INFO 32808 --- [   scheduling-1] c.i.s.s.i.schedule.BootSchedule          : schedule01 ---> 16:06:04
2020-05-14 16:06:04.555  INFO 32808 --- [   scheduling-1] c.i.s.s.i.schedule.BootSchedule          : schedule02 ---> 16:06:04
2020-05-14 16:06:06.004  INFO 32808 --- [   scheduling-1] c.i.s.s.i.schedule.BootSchedule          : schedule04 ---> 16:06:06
2020-05-14 16:06:06.356  INFO 32808 --- [   scheduling-1] c.i.s.s.i.schedule.BootSchedule          : schedule03 ---> 16:06:06
2020-05-14 16:06:07.356  INFO 32808 --- [   scheduling-1] c.i.s.s.i.schedule.BootSchedule          : schedule01 ---> 16:06:07
2020-05-14 16:06:07.559  INFO 32808 --- [   scheduling-1] c.i.s.s.i.schedule.BootSchedule          : schedule02 ---> 16:06:07
2020-05-14 16:06:09.002  INFO 32808 --- [   scheduling-1] c.i.s.s.i.schedule.BootSchedule          : schedule04 ---> 16:06:09
2020-05-14 16:06:09.358  INFO 32808 --- [   scheduling-1] c.i.s.s.i.schedule.BootSchedule          : schedule03 ---> 16:06:09
2020-05-14 16:06:10.355  INFO 32808 --- [   scheduling-1] c.i.s.s.i.schedule.BootSchedule          : schedule01 ---> 16:06:10
2020-05-14 16:06:10.559  INFO 32808 --- [   scheduling-1] c.i.s.s.i.schedule.BootSchedule          : schedule02 ---> 16:06:10
2020-05-14 16:06:12.004  INFO 32808 --- [   scheduling-1] c.i.s.s.i.schedule.BootSchedule          : schedule04 ---> 16:06:12
2020-05-14 16:06:12.360  INFO 32808 --- [   scheduling-1] c.i.s.s.i.schedule.BootSchedule          : schedule03 ---> 16:06:12
2020-05-14 16:06:13.356  INFO 32808 --- [   scheduling-1] c.i.s.s.i.schedule.BootSchedule          : schedule01 ---> 16:06:13
2020-05-14 16:06:13.562  INFO 32808 --- [   scheduling-1] c.i.s.s.i.schedule.BootSchedule          : schedule02 ---> 16:06:13
2020-05-14 16:06:15.004  INFO 32808 --- [   scheduling-1] c.i.s.s.i.schedule.BootSchedule          : schedule04 ---> 16:06:15
2020-05-14 16:06:15.358  INFO 32808 --- [   scheduling-1] c.i.s.s.i.schedule.BootSchedule          : schedule03 ---> 16:06:15
2020-05-14 16:06:16.357  INFO 32808 --- [   scheduling-1] c.i.s.s.i.schedule.BootSchedule          : schedule01 ---> 16:06:16
2020-05-14 16:06:16.567  INFO 32808 --- [   scheduling-1] c.i.s.s.i.schedule.BootSchedule          : schedule02 ---> 16:06:16
2020-05-14 16:06:18.001  INFO 32808 --- [   scheduling-1] c.i.s.s.i.schedule.BootSchedule          : schedule04 ---> 16:06:18
2020-05-14 16:06:18.356  INFO 32808 --- [   scheduling-1] c.i.s.s.i.schedule.BootSchedule          : schedule03 ---> 16:06:18
2020-05-14 16:06:19.356  INFO 32808 --- [   scheduling-1] c.i.s.s.i.schedule.BootSchedule          : schedule01 ---> 16:06:19
2020-05-14 16:06:19.573  INFO 32808 --- [   scheduling-1] c.i.s.s.i.schedule.BootSchedule          : schedule02 ---> 16:06:19
2020-05-14 16:06:21.004  INFO 32808 --- [   scheduling-1] c.i.s.s.i.schedule.BootSchedule          : schedule04 ---> 16:06:21
2020-05-14 16:06:21.361  INFO 32808 --- [   scheduling-1] c.i.s.s.i.schedule.BootSchedule          : schedule03 ---> 16:06:21
2020-05-14 16:06:22.356  INFO 32808 --- [   scheduling-1] c.i.s.s.i.schedule.BootSchedule          : schedule01 ---> 16:06:22
2020-05-14 16:06:22.576  INFO 32808 --- [   scheduling-1] c.i.s.s.i.schedule.BootSchedule          : schedule02 ---> 16:06:22
2020-05-14 16:06:24.002  INFO 32808 --- [   scheduling-1] c.i.s.s.i.schedule.BootSchedule          : schedule04 ---> 16:06:24
2020-05-14 16:06:24.358  INFO 32808 --- [   scheduling-1] c.i.s.s.i.schedule.BootSchedule          : schedule03 ---> 16:06:24
2020-05-14 16:06:25.361  INFO 32808 --- [   scheduling-1] c.i.s.s.i.schedule.BootSchedule          : schedule01 ---> 16:06:25
2020-05-14 16:06:25.576  INFO 32808 --- [   scheduling-1] c.i.s.s.i.schedule.BootSchedule          : schedule02 ---> 16:06:25
2020-05-14 16:06:27.001  INFO 32808 --- [   scheduling-1] c.i.s.s.i.schedule.BootSchedule          : schedule04 ---> 16:06:27
2020-05-14 16:06:27.356  INFO 32808 --- [   scheduling-1] c.i.s.s.i.schedule.BootSchedule          : schedule03 ---> 16:06:27
2020-05-14 16:06:28.357  INFO 32808 --- [   scheduling-1] c.i.s.s.i.schedule.BootSchedule          : schedule01 ---> 16:06:28
2020-05-14 16:06:28.582  INFO 32808 --- [   scheduling-1] c.i.s.s.i.schedule.BootSchedule          : schedule02 ---> 16:06:28
2020-05-14 16:06:30.002  INFO 32808 --- [   scheduling-1] c.i.s.s.i.schedule.BootSchedule          : schedule04 ---> 16:06:30
2020-05-14 16:06:30.356  INFO 32808 --- [   scheduling-1] c.i.s.s.i.schedule.BootSchedule          : schedule03 ---> 16:06:30
2020-05-14 16:06:31.356  INFO 32808 --- [   scheduling-1] c.i.s.s.i.schedule.BootSchedule          : schedule01 ---> 16:06:31
2020-05-14 16:06:31.587  INFO 32808 --- [   scheduling-1] c.i.s.s.i.schedule.BootSchedule          : schedule02 ---> 16:06:31
2020-05-14 16:06:33.001  INFO 32808 --- [   scheduling-1] c.i.s.s.i.schedule.BootSchedule          : schedule04 ---> 16:06:33
2020-05-14 16:06:33.357  INFO 32808 --- [   scheduling-1] c.i.s.s.i.schedule.BootSchedule          : schedule03 ---> 16:06:33
2020-05-14 16:06:34.358  INFO 32808 --- [   scheduling-1] c.i.s.s.i.schedule.BootSchedule          : schedule01 ---> 16:06:34
2020-05-14 16:06:34.588  INFO 32808 --- [   scheduling-1] c.i.s.s.i.schedule.BootSchedule          : schedule02 ---> 16:06:34
2020-05-14 16:06:36.005  INFO 32808 --- [   scheduling-1] c.i.s.s.i.schedule.BootSchedule          : schedule04 ---> 16:06:36
2020-05-14 16:06:36.357  INFO 32808 --- [   scheduling-1] c.i.s.s.i.schedule.BootSchedule          : schedule03 ---> 16:06:36
2020-05-14 16:06:37.357  INFO 32808 --- [   scheduling-1] c.i.s.s.i.schedule.BootSchedule          : schedule01 ---> 16:06:37
2020-05-14 16:06:37.590  INFO 32808 --- [   scheduling-1] c.i.s.s.i.schedule.BootSchedule          : schedule02 ---> 16:06:37
2020-05-14 16:06:39.001  INFO 32808 --- [   scheduling-1] c.i.s.s.i.schedule.BootSchedule          : schedule04 ---> 16:06:39
2020-05-14 16:06:39.357  INFO 32808 --- [   scheduling-1] c.i.s.s.i.schedule.BootSchedule          : schedule03 ---> 16:06:39
2020-05-14 16:06:40.357  INFO 32808 --- [   scheduling-1] c.i.s.s.i.schedule.BootSchedule          : schedule01 ---> 16:06:40
2020-05-14 16:06:40.591  INFO 32808 --- [   scheduling-1] c.i.s.s.i.schedule.BootSchedule          : schedule02 ---> 16:06:40
2020-05-14 16:06:42.003  INFO 32808 --- [   scheduling-1] c.i.s.s.i.schedule.BootSchedule          : schedule04 ---> 16:06:42
2020-05-14 16:06:42.361  INFO 32808 --- [   scheduling-1] c.i.s.s.i.schedule.BootSchedule          : schedule03 ---> 16:06:42
2020-05-14 16:06:43.361  INFO 32808 --- [   scheduling-1] c.i.s.s.i.schedule.BootSchedule          : schedule01 ---> 16:06:43
2020-05-14 16:06:43.596  INFO 32808 --- [   scheduling-1] c.i.s.s.i.schedule.BootSchedule          : schedule02 ---> 16:06:43
2020-05-14 16:06:45.004  INFO 32808 --- [   scheduling-1] c.i.s.s.i.schedule.BootSchedule          : schedule04 ---> 16:06:45
2020-05-14 16:06:45.361  INFO 32808 --- [   scheduling-1] c.i.s.s.i.schedule.BootSchedule          : schedule03 ---> 16:06:45
2020-05-14 16:06:46.360  INFO 32808 --- [   scheduling-1] c.i.s.s.i.schedule.BootSchedule          : schedule01 ---> 16:06:46
2020-05-14 16:06:46.601  INFO 32808 --- [   scheduling-1] c.i.s.s.i.schedule.BootSchedule          : schedule02 ---> 16:06:46
2020-05-14 16:06:48.004  INFO 32808 --- [   scheduling-1] c.i.s.s.i.schedule.BootSchedule          : schedule04 ---> 16:06:48
2020-05-14 16:06:48.360  INFO 32808 --- [   scheduling-1] c.i.s.s.i.schedule.BootSchedule          : schedule03 ---> 16:06:48
2020-05-14 16:06:49.357  INFO 32808 --- [   scheduling-1] c.i.s.s.i.schedule.BootSchedule          : schedule01 ---> 16:06:49
2020-05-14 16:06:49.606  INFO 32808 --- [   scheduling-1] c.i.s.s.i.schedule.BootSchedule          : schedule02 ---> 16:06:49
2020-05-14 16:06:51.002  INFO 32808 --- [   scheduling-1] c.i.s.s.i.schedule.BootSchedule          : schedule04 ---> 16:06:51
2020-05-14 16:06:51.361  INFO 32808 --- [   scheduling-1] c.i.s.s.i.schedule.BootSchedule          : schedule03 ---> 16:06:51
2020-05-14 16:06:52.359  INFO 32808 --- [   scheduling-1] c.i.s.s.i.schedule.BootSchedule          : schedule01 ---> 16:06:52
2020-05-14 16:06:52.607  INFO 32808 --- [   scheduling-1] c.i.s.s.i.schedule.BootSchedule          : schedule02 ---> 16:06:52
2020-05-14 16:06:54.003  INFO 32808 --- [   scheduling-1] c.i.s.s.i.schedule.BootSchedule          : schedule04 ---> 16:06:54
2020-05-14 16:06:54.358  INFO 32808 --- [   scheduling-1] c.i.s.s.i.schedule.BootSchedule          : schedule03 ---> 16:06:54
2020-05-14 16:06:55.361  INFO 32808 --- [   scheduling-1] c.i.s.s.i.schedule.BootSchedule          : schedule01 ---> 16:06:55
2020-05-14 16:06:55.612  INFO 32808 --- [   scheduling-1] c.i.s.s.i.schedule.BootSchedule          : schedule02 ---> 16:06:55
2020-05-14 16:06:57.004  INFO 32808 --- [   scheduling-1] c.i.s.s.i.schedule.BootSchedule          : schedule04 ---> 16:06:57
2020-05-14 16:06:57.358  INFO 32808 --- [   scheduling-1] c.i.s.s.i.schedule.BootSchedule          : schedule03 ---> 16:06:57
2020-05-14 16:06:58.358  INFO 32808 --- [   scheduling-1] c.i.s.s.i.schedule.BootSchedule          : schedule01 ---> 16:06:58
2020-05-14 16:06:58.615  INFO 32808 --- [   scheduling-1] c.i.s.s.i.schedule.BootSchedule          : schedule02 ---> 16:06:58
2020-05-14 16:07:00.003  INFO 32808 --- [   scheduling-1] c.i.s.s.i.schedule.BootSchedule          : schedule04 ---> 16:07:00
2020-05-14 16:07:00.361  INFO 32808 --- [   scheduling-1] c.i.s.s.i.schedule.BootSchedule          : schedule03 ---> 16:07:00
2020-05-14 16:07:01.358  INFO 32808 --- [   scheduling-1] c.i.s.s.i.schedule.BootSchedule          : schedule01 ---> 16:07:01
2020-05-14 16:07:01.620  INFO 32808 --- [   scheduling-1] c.i.s.s.i.schedule.BootSchedule          : schedule02 ---> 16:07:01
2020-05-14 16:07:03.002  INFO 32808 --- [   scheduling-1] c.i.s.s.i.schedule.BootSchedule          : schedule04 ---> 16:07:03
2020-05-14 16:07:03.358  INFO 32808 --- [   scheduling-1] c.i.s.s.i.schedule.BootSchedule          : schedule03 ---> 16:07:03
2020-05-14 16:07:04.359  INFO 32808 --- [   scheduling-1] c.i.s.s.i.schedule.BootSchedule          : schedule01 ---> 16:07:04
2020-05-14 16:07:04.622  INFO 32808 --- [   scheduling-1] c.i.s.s.i.schedule.BootSchedule          : schedule02 ---> 16:07:04
2020-05-14 16:07:06.001  INFO 32808 --- [   scheduling-1] c.i.s.s.i.schedule.BootSchedule          : schedule04 ---> 16:07:06
2020-05-14 16:07:06.362  INFO 32808 --- [   scheduling-1] c.i.s.s.i.schedule.BootSchedule          : schedule03 ---> 16:07:06
2020-05-14 16:07:07.358  INFO 32808 --- [   scheduling-1] c.i.s.s.i.schedule.BootSchedule          : schedule01 ---> 16:07:07
2020-05-14 16:07:07.623  INFO 32808 --- [   scheduling-1] c.i.s.s.i.schedule.BootSchedule          : schedule02 ---> 16:07:07
2020-05-14 16:07:09.003  INFO 32808 --- [   scheduling-1] c.i.s.s.i.schedule.BootSchedule          : schedule04 ---> 16:07:09
2020-05-14 16:07:09.358  INFO 32808 --- [   scheduling-1] c.i.s.s.i.schedule.BootSchedule          : schedule03 ---> 16:07:09
2020-05-14 16:07:10.357  INFO 32808 --- [   scheduling-1] c.i.s.s.i.schedule.BootSchedule          : schedule01 ---> 16:07:10
2020-05-14 16:07:10.625  INFO 32808 --- [   scheduling-1] c.i.s.s.i.schedule.BootSchedule          : schedule02 ---> 16:07:10
2020-05-14 16:07:12.002  INFO 32808 --- [   scheduling-1] c.i.s.s.i.schedule.BootSchedule          : schedule04 ---> 16:07:12
2020-05-14 16:07:12.358  INFO 32808 --- [   scheduling-1] c.i.s.s.i.schedule.BootSchedule          : schedule03 ---> 16:07:12
2020-05-14 16:07:13.362  INFO 32808 --- [   scheduling-1] c.i.s.s.i.schedule.BootSchedule          : schedule01 ---> 16:07:13
2020-05-14 16:07:13.630  INFO 32808 --- [   scheduling-1] c.i.s.s.i.schedule.BootSchedule          : schedule02 ---> 16:07:13
2020-05-14 16:07:15.000  INFO 32808 --- [   scheduling-1] c.i.s.s.i.schedule.BootSchedule          : schedule04 ---> 16:07:15
2020-05-14 16:07:15.358  INFO 32808 --- [   scheduling-1] c.i.s.s.i.schedule.BootSchedule          : schedule03 ---> 16:07:15
2020-05-14 16:07:16.358  INFO 32808 --- [   scheduling-1] c.i.s.s.i.schedule.BootSchedule          : schedule01 ---> 16:07:16
2020-05-14 16:07:16.631  INFO 32808 --- [   scheduling-1] c.i.s.s.i.schedule.BootSchedule          : schedule02 ---> 16:07:16
